/usr/local/lib/python2.7/dist-packages/sflock/decode/office.py:12: CryptographyDeprecationWarning: Python 2 is no longer supported by the Python core team. Support for it is now deprecated in cryptography, and will be removed in the next release.
  from cryptography.hazmat.backends import default_backend
/usr/local/lib/python2.7/dist-packages/sflock/decode/office.py:12: CryptographyDeprecationWarning: Python 2 is no longer supported by the Python core team. Support for it is now deprecated in cryptography, and will be removed in the next release.
  from cryptography.hazmat.backends import default_backend
[31/Aug/2023 15:42:15] "GET /favicon.ico HTTP/1.1" 404 13076
[31/Aug/2023 15:42:15] "GET /favicon.ico HTTP/1.1" 404 13076
[31/Aug/2023 15:42:17] "GET / HTTP/1.1" 200 22512
[31/Aug/2023 15:42:18] "GET /static/js/cuckoo/recent.js HTTP/1.1" 200 7491
[31/Aug/2023 15:42:18] "GET /static/js/cuckoo/sticky.js HTTP/1.1" 200 3240
[31/Aug/2023 15:42:18] "GET /static/js/hexdump.js HTTP/1.1" 200 6054
[31/Aug/2023 15:42:18] "GET /static/js/cuckoo/loader.js HTTP/1.1" 200 2463
[31/Aug/2023 15:42:18] "GET /static/css/vendor.css HTTP/1.1" 200 151837
[31/Aug/2023 15:42:18] "GET /static/js/cuckoo/analysis_sidebar.js HTTP/1.1" 200 3357
[31/Aug/2023 15:42:18] "GET /static/js/cuckoo/process_tree.js HTTP/1.1" 200 16278
[31/Aug/2023 15:42:18] "GET /static/js/cuckoo/analysis_feedback.js HTTP/1.1" 200 9085
[31/Aug/2023 15:42:18] "GET /static/js/cuckoo/analysis_network.js HTTP/1.1" 200 20622
[31/Aug/2023 15:42:18] "GET /static/graphic/cuckoo_inverse.png HTTP/1.1" 200 8158
[31/Aug/2023 15:42:18] "GET /static/js/handlebars-templates.js HTTP/1.1" 200 46043
[31/Aug/2023 15:42:18] "GET /static/js/cuckoo/rdp.js HTTP/1.1" 200 21729
[31/Aug/2023 15:42:18] "GET /static/js/cuckoo/app.js HTTP/1.1" 200 36905
[31/Aug/2023 15:42:18] "GET /static/graphic/cuckoo-coffee-cup.png HTTP/1.1" 200 35356
[31/Aug/2023 15:42:18] "GET /static/js/cuckoo/submission.js HTTP/1.1" 200 87404
[31/Aug/2023 15:42:18] "GET /static/css/main.css HTTP/1.1" 200 673106
[31/Aug/2023 15:42:19] "GET /static/js/vendor.js HTTP/1.1" 200 2012813
[31/Aug/2023 15:42:19] "POST /analysis/api/tasks/recent/ HTTP/1.1" 200 545
[31/Aug/2023 15:42:19] "GET /static/images/prev.png HTTP/1.1" 200 1360
[31/Aug/2023 15:42:19] "GET /static/fonts/Roboto_normal_700_default.woff HTTP/1.1" 200 13348
[31/Aug/2023 15:42:19] "GET /static/fonts/Roboto_normal_500_default.woff HTTP/1.1" 200 13248
[31/Aug/2023 15:42:19] "GET /static/fonts/Roboto_normal_400_default.woff HTTP/1.1" 200 13308
[31/Aug/2023 15:42:19] "GET /static/images/next.png HTTP/1.1" 200 1350
[31/Aug/2023 15:42:19] "GET /static/images/close.png HTTP/1.1" 200 280
[31/Aug/2023 15:42:20] "GET /static/images/loading.gif HTTP/1.1" 200 8476
[31/Aug/2023 15:42:20] "GET /static/fonts/fa-solid-900.woff2 HTTP/1.1" 200 91792
[31/Aug/2023 15:42:20] "GET /static/fonts/Roboto_normal_400_default.woff HTTP/1.1" 304 0
[31/Aug/2023 15:42:20] "GET /static/favicon-32x32.png HTTP/1.1" 200 1153
[31/Aug/2023 15:42:21] "GET /cuckoo/api/status HTTP/1.1" 200 1797
[31/Aug/2023 15:42:21] "GET /static/fonts/Roboto_italic_400_default.woff HTTP/1.1" 200 14716
[01/Sep/2023 02:41:03] "GET /favicon.ico HTTP/1.1" 404 13111
[01/Sep/2023 02:41:03] "GET /favicon.ico HTTP/1.1" 404 13111
[01/Sep/2023 02:41:04] "GET / HTTP/1.1" 200 22547
[01/Sep/2023 02:41:04] "GET /static/js/cuckoo/analysis_network.js HTTP/1.1" 200 20622
[01/Sep/2023 02:41:04] "GET /static/js/cuckoo/rdp.js HTTP/1.1" 200 21729
[01/Sep/2023 02:41:04] "GET /static/js/hexdump.js HTTP/1.1" 200 6054
[01/Sep/2023 02:41:04] "GET /static/js/cuckoo/submission.js HTTP/1.1" 200 87404
[01/Sep/2023 02:41:04] "GET /static/js/cuckoo/sticky.js HTTP/1.1" 200 3240
[01/Sep/2023 02:41:04] "GET /static/js/cuckoo/process_tree.js HTTP/1.1" 200 16278
[01/Sep/2023 02:41:04] "GET /static/js/cuckoo/app.js HTTP/1.1" 200 36905
[01/Sep/2023 02:41:04] "GET /static/js/cuckoo/analysis_sidebar.js HTTP/1.1" 200 3357
[01/Sep/2023 02:41:04] "GET /static/graphic/cuckoo_inverse.png HTTP/1.1" 200 8158
[01/Sep/2023 02:41:04] "GET /static/js/cuckoo/recent.js HTTP/1.1" 200 7491
[01/Sep/2023 02:41:04] "GET /static/js/cuckoo/analysis_feedback.js HTTP/1.1" 200 9085
[01/Sep/2023 02:41:04] "GET /static/js/handlebars-templates.js HTTP/1.1" 200 46043
[01/Sep/2023 02:41:04] "GET /static/js/cuckoo/loader.js HTTP/1.1" 200 2463
[01/Sep/2023 02:41:04] "GET /static/css/vendor.css HTTP/1.1" 200 151837
[01/Sep/2023 02:41:05] "GET /static/graphic/cuckoo-coffee-cup.png HTTP/1.1" 200 35356
[01/Sep/2023 02:41:05] "GET /static/css/main.css HTTP/1.1" 200 673106
[01/Sep/2023 02:41:05] "GET /static/js/vendor.js HTTP/1.1" 200 2012813
[01/Sep/2023 02:41:06] "POST /analysis/api/tasks/recent/ HTTP/1.1" 200 545
[01/Sep/2023 02:41:06] "GET /static/fonts/Roboto_normal_500_default.woff HTTP/1.1" 200 13248
[01/Sep/2023 02:41:06] "GET /static/fonts/fa-solid-900.woff2 HTTP/1.1" 200 91792
[01/Sep/2023 02:41:06] "GET /static/images/close.png HTTP/1.1" 200 280
[01/Sep/2023 02:41:06] "GET /static/images/loading.gif HTTP/1.1" 200 8476
[01/Sep/2023 02:41:06] "GET /static/fonts/Roboto_normal_700_default.woff HTTP/1.1" 200 13348
[01/Sep/2023 02:41:06] "GET /static/images/prev.png HTTP/1.1" 200 1360
[01/Sep/2023 02:41:06] "GET /static/images/next.png HTTP/1.1" 200 1350
[01/Sep/2023 02:41:06] "GET /static/fonts/Roboto_normal_400_default.woff HTTP/1.1" 200 13308
[01/Sep/2023 02:41:06] "GET /cuckoo/api/status HTTP/1.1" 200 1798
[01/Sep/2023 02:41:07] "GET /static/fonts/Roboto_italic_400_default.woff HTTP/1.1" 200 14716
[01/Sep/2023 02:41:07] "GET /static/fonts/Roboto_normal_400_default.woff HTTP/1.1" 304 0
[01/Sep/2023 02:41:07] "GET /static/favicon-32x32.png HTTP/1.1" 200 1153
[01/Sep/2023 02:41:14] "GET /analysis/ HTTP/1.1" 200 13842
[01/Sep/2023 02:41:17] "POST /analysis/api/tasks/recent/ HTTP/1.1" 200 4125
[01/Sep/2023 02:41:20] "GET /analysis/11/summary HTTP/1.1" 200 401357
[01/Sep/2023 02:41:20] "GET /static/fonts/glyphicons-halflings-regular.woff2 HTTP/1.1" 200 18028
[01/Sep/2023 02:41:21] "GET /file/screenshot/64d080c15a1d811acd9a9b48/nofetch/ HTTP/1.1" 200 18171
[01/Sep/2023 02:41:21] "GET /file/screenshot/64d080c15a1d811acd9a9b58/nofetch/ HTTP/1.1" 200 18828
[01/Sep/2023 02:41:21] "GET /file/screenshot/64d080c15a1d811acd9a9b5c/nofetch/ HTTP/1.1" 200 18829
[01/Sep/2023 02:41:21] "GET /file/screenshot/64d080c15a1d811acd9a9b54/nofetch/ HTTP/1.1" 200 18818
[01/Sep/2023 02:41:21] "GET /file/screenshot/64d080c15a1d811acd9a9b50/nofetch/ HTTP/1.1" 200 18725
[01/Sep/2023 02:41:21] "GET /file/screenshot/64d080c15a1d811acd9a9b60/nofetch/ HTTP/1.1" 200 18817
[01/Sep/2023 02:41:21] "GET /file/screenshot/64d080c15a1d811acd9a9b64/nofetch/ HTTP/1.1" 200 18645
[01/Sep/2023 02:41:21] "GET /file/screenshot/64d080c15a1d811acd9a9b4c/nofetch/ HTTP/1.1" 200 18785
[01/Sep/2023 02:41:21] "POST /analysis/api/task/export_get_files/ HTTP/1.1" 200 292
[01/Sep/2023 02:41:22] "POST /analysis/api/task/export_estimate_size/ HTTP/1.1" 200 45
[01/Sep/2023 02:41:23] "GET /file/screenshot/64d080c15a1d811acd9a9b4e/nofetch/ HTTP/1.1" 200 176088
[01/Sep/2023 02:41:24] "GET /file/screenshot/64d080c15a1d811acd9a9b52/nofetch/ HTTP/1.1" 200 176531
[01/Sep/2023 02:41:24] "GET /file/screenshot/64d080c15a1d811acd9a9b4a/nofetch/ HTTP/1.1" 200 172211
[01/Sep/2023 13:54:51] "GET /analysis/11/summary HTTP/1.1" 200 401357
- Broken pipe from ('192.168.0.1', 35912)
