/usr/local/lib/python2.7/dist-packages/sflock/decode/office.py:12: CryptographyDeprecationWarning: Python 2 is no longer supported by the Python core team. Support for it is now deprecated in cryptography, and will be removed in the next release.
  from cryptography.hazmat.backends import default_backend
/usr/local/lib/python2.7/dist-packages/sflock/decode/office.py:12: CryptographyDeprecationWarning: Python 2 is no longer supported by the Python core team. Support for it is now deprecated in cryptography, and will be removed in the next release.
  from cryptography.hazmat.backends import default_backend
[17/Aug/2023 01:28:18] "GET /secret/ HTTP/1.1" 200 3193
[17/Aug/2023 01:28:18] "GET /static/css/vendor.css HTTP/1.1" 304 0
[17/Aug/2023 01:28:18] "GET /static/css/main.css HTTP/1.1" 304 0
[17/Aug/2023 01:28:18] "GET /static/js/vendor.js HTTP/1.1" 304 0
[17/Aug/2023 01:28:18] "GET /static/js/cuckoo/secret.js HTTP/1.1" 304 0
[17/Aug/2023 01:28:18] "GET /static/graphic/cuckoo_inverse%402x.png HTTP/1.1" 304 0
[17/Aug/2023 01:28:18] "GET /static/fonts/Roboto_normal_400_default.woff HTTP/1.1" 304 0
[17/Aug/2023 01:28:18] "GET /static/fonts/fa-light-300.woff2 HTTP/1.1" 304 0
[17/Aug/2023 01:28:18] "GET /static/fonts/Roboto_italic_400_default.woff HTTP/1.1" 304 0
[17/Aug/2023 01:28:18] "GET /static/fonts/Roboto_normal_700_default.woff HTTP/1.1" 304 0
[17/Aug/2023 01:28:18] "GET /static/images/prev.png HTTP/1.1" 304 0
[17/Aug/2023 01:28:18] "GET /static/images/next.png HTTP/1.1" 304 0
[17/Aug/2023 01:28:18] "GET /static/images/close.png HTTP/1.1" 304 0
[17/Aug/2023 01:28:18] "GET /static/images/loading.gif HTTP/1.1" 304 0
[17/Aug/2023 01:28:21] "GET / HTTP/1.1" 200 22512
[17/Aug/2023 01:28:21] "GET /static/css/vendor.css HTTP/1.1" 304 0
[17/Aug/2023 01:28:21] "GET /static/css/main.css HTTP/1.1" 304 0
[17/Aug/2023 01:28:21] "GET /static/js/vendor.js HTTP/1.1" 304 0
[17/Aug/2023 01:28:22] "GET /static/js/cuckoo/loader.js HTTP/1.1" 200 2463
[17/Aug/2023 01:28:22] "GET /static/js/hexdump.js HTTP/1.1" 200 6054
[17/Aug/2023 01:28:22] "GET /static/js/cuckoo/sticky.js HTTP/1.1" 200 3240
[17/Aug/2023 01:28:22] "GET /static/js/cuckoo/analysis_sidebar.js HTTP/1.1" 200 3357
[17/Aug/2023 01:28:22] "GET /static/js/handlebars-templates.js HTTP/1.1" 200 46043
[17/Aug/2023 01:28:22] "GET /static/js/cuckoo/analysis_feedback.js HTTP/1.1" 200 9085
[17/Aug/2023 01:28:22] "GET /static/js/cuckoo/process_tree.js HTTP/1.1" 200 16278
[17/Aug/2023 01:28:22] "GET /static/js/cuckoo/recent.js HTTP/1.1" 200 7491
[17/Aug/2023 01:28:22] "GET /static/js/cuckoo/submission.js HTTP/1.1" 200 87404
[17/Aug/2023 01:28:22] "GET /static/js/cuckoo/app.js HTTP/1.1" 200 36905
[17/Aug/2023 01:28:22] "GET /static/js/cuckoo/rdp.js HTTP/1.1" 200 21729
[17/Aug/2023 01:28:22] "GET /static/graphic/cuckoo_inverse.png HTTP/1.1" 200 8158
[17/Aug/2023 01:28:22] "GET /static/graphic/cuckoo-coffee-cup.png HTTP/1.1" 200 35356
[17/Aug/2023 01:28:22] "GET /static/js/cuckoo/analysis_network.js HTTP/1.1" 200 20622
[17/Aug/2023 01:28:22] "GET /static/images/prev.png HTTP/1.1" 304 0
[17/Aug/2023 01:28:22] "GET /static/images/loading.gif HTTP/1.1" 304 0
[17/Aug/2023 01:28:22] "GET /static/images/next.png HTTP/1.1" 304 0
[17/Aug/2023 01:28:22] "GET /static/fonts/Roboto_normal_500_default.woff HTTP/1.1" 200 13248
[17/Aug/2023 01:28:22] "GET /static/images/close.png HTTP/1.1" 304 0
[17/Aug/2023 01:28:22] "GET /static/fonts/fa-solid-900.woff2 HTTP/1.1" 200 91792
[17/Aug/2023 01:28:22] "POST /analysis/api/tasks/recent/ HTTP/1.1" 200 545
[17/Aug/2023 01:28:23] "GET /cuckoo/api/status HTTP/1.1" 200 1797
[17/Aug/2023 01:28:27] "GET /secret/ HTTP/1.1" 200 3193
[17/Aug/2023 01:28:27] "GET /static/css/vendor.css HTTP/1.1" 304 0
[17/Aug/2023 01:28:27] "GET /static/css/main.css HTTP/1.1" 304 0
[17/Aug/2023 01:28:27] "GET /static/js/cuckoo/secret.js HTTP/1.1" 304 0
[17/Aug/2023 01:28:27] "GET /static/js/vendor.js HTTP/1.1" 304 0
[17/Aug/2023 01:28:27] "GET /static/graphic/cuckoo_inverse%402x.png HTTP/1.1" 304 0
[17/Aug/2023 01:28:27] "GET /static/images/prev.png HTTP/1.1" 304 0
[17/Aug/2023 01:28:27] "GET /static/images/next.png HTTP/1.1" 304 0
[17/Aug/2023 01:28:27] "GET /static/images/loading.gif HTTP/1.1" 304 0
[17/Aug/2023 01:28:27] "GET /static/images/close.png HTTP/1.1" 304 0
[17/Aug/2023 01:28:33] "POST /secret/ HTTP/1.1" 200 3280
[17/Aug/2023 01:28:33] "GET /static/css/vendor.css HTTP/1.1" 304 0
[17/Aug/2023 01:28:33] "GET /static/js/vendor.js HTTP/1.1" 304 0
[17/Aug/2023 01:28:33] "GET /static/css/main.css HTTP/1.1" 304 0
[17/Aug/2023 01:28:33] "GET /static/js/cuckoo/secret.js HTTP/1.1" 304 0
[17/Aug/2023 01:28:33] "GET /static/graphic/cuckoo_inverse%402x.png HTTP/1.1" 304 0
[17/Aug/2023 01:28:33] "GET /static/images/prev.png HTTP/1.1" 304 0
[17/Aug/2023 01:28:33] "GET /static/images/next.png HTTP/1.1" 304 0
[17/Aug/2023 01:28:33] "GET /static/images/loading.gif HTTP/1.1" 304 0
[17/Aug/2023 01:28:33] "GET /static/images/close.png HTTP/1.1" 304 0
[17/Aug/2023 01:28:37] "POST /secret/ HTTP/1.1" 200 3280
[17/Aug/2023 01:28:37] "GET /static/css/main.css HTTP/1.1" 304 0
[17/Aug/2023 01:28:37] "GET /static/css/vendor.css HTTP/1.1" 304 0
[17/Aug/2023 01:28:37] "GET /static/js/cuckoo/secret.js HTTP/1.1" 304 0
[17/Aug/2023 01:28:37] "GET /static/js/vendor.js HTTP/1.1" 304 0
[17/Aug/2023 01:28:37] "GET /static/graphic/cuckoo_inverse%402x.png HTTP/1.1" 304 0
[17/Aug/2023 01:28:37] "GET /static/images/prev.png HTTP/1.1" 304 0
[17/Aug/2023 01:28:37] "GET /static/images/loading.gif HTTP/1.1" 304 0
[17/Aug/2023 01:28:37] "GET /static/images/next.png HTTP/1.1" 304 0
[17/Aug/2023 01:28:37] "GET /static/images/close.png HTTP/1.1" 304 0
[17/Aug/2023 01:28:40] "GET /secret/ HTTP/1.1" 200 3193
[17/Aug/2023 01:28:41] "GET /favicon.ico HTTP/1.1" 404 13076
