/usr/local/lib/python2.7/dist-packages/sflock/decode/office.py:12: CryptographyDeprecationWarning: Python 2 is no longer supported by the Python core team. Support for it is now deprecated in cryptography, and will be removed in the next release.
  from cryptography.hazmat.backends import default_backend
/usr/local/lib/python2.7/dist-packages/sflock/decode/office.py:12: CryptographyDeprecationWarning: Python 2 is no longer supported by the Python core team. Support for it is now deprecated in cryptography, and will be removed in the next release.
  from cryptography.hazmat.backends import default_backend
[10/Aug/2023 13:10:01] "GET / HTTP/1.1" 302 0
[10/Aug/2023 13:10:01] "GET /secret/ HTTP/1.1" 200 3193
[10/Aug/2023 13:10:01] "GET /static/js/vendor.js HTTP/1.1" 304 0
[10/Aug/2023 13:10:01] "GET /static/css/main.css HTTP/1.1" 304 0
[10/Aug/2023 13:10:01] "GET /static/js/cuckoo/secret.js HTTP/1.1" 200 2493
[10/Aug/2023 13:10:01] "GET /static/css/vendor.css HTTP/1.1" 200 151837
[10/Aug/2023 13:10:01] "GET /static/graphic/cuckoo_inverse%402x.png HTTP/1.1" 200 13085
[10/Aug/2023 13:10:01] "GET /static/fonts/fa-light-300.woff2 HTTP/1.1" 200 117936
[10/Aug/2023 13:10:01] "GET /static/images/prev.png HTTP/1.1" 200 1360
[10/Aug/2023 13:10:01] "GET /static/images/close.png HTTP/1.1" 200 280
[10/Aug/2023 13:10:01] "GET /static/images/next.png HTTP/1.1" 200 1350
[10/Aug/2023 13:10:01] "GET /static/images/loading.gif HTTP/1.1" 200 8476
[10/Aug/2023 13:10:05] "POST /secret/ HTTP/1.1" 200 3280
[10/Aug/2023 13:10:05] "GET /static/css/vendor.css HTTP/1.1" 304 0
[10/Aug/2023 13:10:05] "GET /static/js/cuckoo/secret.js HTTP/1.1" 304 0
[10/Aug/2023 13:10:05] "GET /static/css/main.css HTTP/1.1" 304 0
[10/Aug/2023 13:10:05] "GET /static/js/vendor.js HTTP/1.1" 304 0
[10/Aug/2023 13:10:05] "GET /static/graphic/cuckoo_inverse%402x.png HTTP/1.1" 304 0
[10/Aug/2023 13:10:05] "GET /static/images/prev.png HTTP/1.1" 304 0
[10/Aug/2023 13:10:05] "GET /static/images/close.png HTTP/1.1" 304 0
[10/Aug/2023 13:10:05] "GET /static/images/loading.gif HTTP/1.1" 304 0
[10/Aug/2023 13:10:05] "GET /static/images/next.png HTTP/1.1" 304 0
[10/Aug/2023 13:10:15] "POST /secret/ HTTP/1.1" 200 3280
[10/Aug/2023 13:10:15] "GET /static/css/vendor.css HTTP/1.1" 304 0
[10/Aug/2023 13:10:15] "GET /static/css/main.css HTTP/1.1" 304 0
[10/Aug/2023 13:10:15] "GET /static/js/vendor.js HTTP/1.1" 304 0
[10/Aug/2023 13:10:15] "GET /static/js/cuckoo/secret.js HTTP/1.1" 304 0
[10/Aug/2023 13:10:15] "GET /static/graphic/cuckoo_inverse%402x.png HTTP/1.1" 304 0
[10/Aug/2023 13:10:15] "GET /static/images/prev.png HTTP/1.1" 304 0
[10/Aug/2023 13:10:15] "GET /static/images/loading.gif HTTP/1.1" 304 0
[10/Aug/2023 13:10:15] "GET /static/images/close.png HTTP/1.1" 304 0
[10/Aug/2023 13:10:15] "GET /static/images/next.png HTTP/1.1" 304 0
[10/Aug/2023 13:11:13] "POST /secret/ HTTP/1.1" 200 3280
[10/Aug/2023 13:11:13] "GET /static/css/vendor.css HTTP/1.1" 304 0
[10/Aug/2023 13:11:13] "GET /static/css/main.css HTTP/1.1" 304 0
[10/Aug/2023 13:11:13] "GET /static/js/cuckoo/secret.js HTTP/1.1" 304 0
[10/Aug/2023 13:11:13] "GET /static/js/vendor.js HTTP/1.1" 304 0
[10/Aug/2023 13:11:13] "GET /static/graphic/cuckoo_inverse%402x.png HTTP/1.1" 304 0
[10/Aug/2023 13:11:13] "GET /static/images/close.png HTTP/1.1" 304 0
[10/Aug/2023 13:11:13] "GET /static/images/prev.png HTTP/1.1" 304 0
[10/Aug/2023 13:11:13] "GET /static/images/next.png HTTP/1.1" 304 0
[10/Aug/2023 13:11:13] "GET /static/images/loading.gif HTTP/1.1" 304 0
[10/Aug/2023 13:11:26] "POST /secret/ HTTP/1.1" 200 3280
[10/Aug/2023 13:11:26] "GET /static/css/vendor.css HTTP/1.1" 304 0
[10/Aug/2023 13:11:26] "GET /static/css/main.css HTTP/1.1" 304 0
[10/Aug/2023 13:11:26] "GET /static/js/cuckoo/secret.js HTTP/1.1" 304 0
[10/Aug/2023 13:11:26] "GET /static/js/vendor.js HTTP/1.1" 304 0
[10/Aug/2023 13:11:26] "GET /static/graphic/cuckoo_inverse%402x.png HTTP/1.1" 304 0
[10/Aug/2023 13:11:26] "GET /static/images/prev.png HTTP/1.1" 304 0
[10/Aug/2023 13:11:26] "GET /static/images/close.png HTTP/1.1" 304 0
[10/Aug/2023 13:11:26] "GET /static/images/next.png HTTP/1.1" 304 0
[10/Aug/2023 13:11:26] "GET /static/images/loading.gif HTTP/1.1" 304 0
[10/Aug/2023 13:12:25] "POST /secret/ HTTP/1.1" 200 3280
[10/Aug/2023 13:12:25] "GET /static/css/vendor.css HTTP/1.1" 304 0
[10/Aug/2023 13:12:25] "GET /static/js/cuckoo/secret.js HTTP/1.1" 304 0
[10/Aug/2023 13:12:25] "GET /static/css/main.css HTTP/1.1" 304 0
[10/Aug/2023 13:12:25] "GET /static/js/vendor.js HTTP/1.1" 304 0
[10/Aug/2023 13:12:25] "GET /static/graphic/cuckoo_inverse%402x.png HTTP/1.1" 304 0
[10/Aug/2023 13:12:25] "GET /static/images/prev.png HTTP/1.1" 304 0
[10/Aug/2023 13:12:25] "GET /static/images/next.png HTTP/1.1" 304 0
[10/Aug/2023 13:12:25] "GET /static/images/close.png HTTP/1.1" 304 0
[10/Aug/2023 13:12:25] "GET /static/images/loading.gif HTTP/1.1" 304 0
[10/Aug/2023 13:12:31] "POST /secret/ HTTP/1.1" 200 3280
[10/Aug/2023 13:12:31] "GET /static/js/vendor.js HTTP/1.1" 304 0
[10/Aug/2023 13:12:31] "GET /static/css/vendor.css HTTP/1.1" 304 0
[10/Aug/2023 13:12:31] "GET /static/js/cuckoo/secret.js HTTP/1.1" 304 0
[10/Aug/2023 13:12:31] "GET /static/css/main.css HTTP/1.1" 304 0
[10/Aug/2023 13:12:31] "GET /static/graphic/cuckoo_inverse%402x.png HTTP/1.1" 200 13085
[10/Aug/2023 13:12:31] "GET /static/images/prev.png HTTP/1.1" 200 1360
[10/Aug/2023 13:12:31] "GET /static/images/close.png HTTP/1.1" 304 0
[10/Aug/2023 13:12:31] "GET /static/images/next.png HTTP/1.1" 200 1350
[10/Aug/2023 13:12:31] "GET /static/images/loading.gif HTTP/1.1" 200 8476
[10/Aug/2023 13:17:08] "GET /static/fonts/Roboto_normal_500_default.woff HTTP/1.1" 200 13248
[10/Aug/2023 13:17:12] "POST /secret/ HTTP/1.1" 200 3280
[10/Aug/2023 13:17:12] "GET /static/css/main.css HTTP/1.1" 304 0
[10/Aug/2023 13:17:12] "GET /static/js/cuckoo/secret.js HTTP/1.1" 304 0
[10/Aug/2023 13:17:12] "GET /static/js/vendor.js HTTP/1.1" 304 0
[10/Aug/2023 13:17:12] "GET /static/css/vendor.css HTTP/1.1" 200 151837
[10/Aug/2023 13:17:12] "GET /static/graphic/cuckoo_inverse%402x.png HTTP/1.1" 200 13085
[10/Aug/2023 13:17:12] "GET /static/images/prev.png HTTP/1.1" 200 1360
[10/Aug/2023 13:17:12] "GET /static/images/close.png HTTP/1.1" 200 280
[10/Aug/2023 13:17:12] "GET /static/images/next.png HTTP/1.1" 200 1350
[10/Aug/2023 13:17:12] "GET /static/images/loading.gif HTTP/1.1" 200 8476
[10/Aug/2023 13:18:08] "POST /secret/ HTTP/1.1" 200 3280
[10/Aug/2023 13:18:08] "GET /static/css/vendor.css HTTP/1.1" 304 0
[10/Aug/2023 13:18:08] "GET /static/css/main.css HTTP/1.1" 304 0
[10/Aug/2023 13:18:08] "GET /static/js/cuckoo/secret.js HTTP/1.1" 304 0
[10/Aug/2023 13:18:08] "GET /static/js/vendor.js HTTP/1.1" 304 0
[10/Aug/2023 13:18:08] "GET /static/graphic/cuckoo_inverse%402x.png HTTP/1.1" 304 0
[10/Aug/2023 13:18:08] "GET /static/images/prev.png HTTP/1.1" 304 0
[10/Aug/2023 13:18:08] "GET /static/images/close.png HTTP/1.1" 304 0
[10/Aug/2023 13:18:08] "GET /static/images/next.png HTTP/1.1" 304 0
[10/Aug/2023 13:18:08] "GET /static/images/loading.gif HTTP/1.1" 304 0
[10/Aug/2023 13:21:17] "GET / HTTP/1.1" 302 0
[10/Aug/2023 13:21:17] "GET /secret/ HTTP/1.1" 200 3193
[10/Aug/2023 13:21:17] "GET /static/css/main.css HTTP/1.1" 304 0
[10/Aug/2023 13:21:17] "GET /static/js/vendor.js HTTP/1.1" 304 0
[10/Aug/2023 13:21:17] "GET /static/js/cuckoo/secret.js HTTP/1.1" 304 0
[10/Aug/2023 13:21:17] "GET /static/css/vendor.css HTTP/1.1" 200 151837
[10/Aug/2023 13:21:17] "GET /static/graphic/cuckoo_inverse%402x.png HTTP/1.1" 200 13085
[10/Aug/2023 13:21:17] "GET /static/images/prev.png HTTP/1.1" 200 1360
[10/Aug/2023 13:21:17] "GET /static/images/loading.gif HTTP/1.1" 200 8476
[10/Aug/2023 13:21:17] "GET /static/images/close.png HTTP/1.1" 200 280
[10/Aug/2023 13:21:17] "GET /static/images/next.png HTTP/1.1" 200 1350
[10/Aug/2023 14:22:36] "GET / HTTP/1.1" 302 0
[10/Aug/2023 14:22:36] "GET /secret/ HTTP/1.1" 200 3193
[10/Aug/2023 14:22:36] "GET /static/css/vendor.css HTTP/1.1" 200 151837
[10/Aug/2023 14:22:36] "GET /static/js/cuckoo/secret.js HTTP/1.1" 200 2493
[10/Aug/2023 14:22:36] "GET /static/css/main.css HTTP/1.1" 200 673106
[10/Aug/2023 14:22:36] "GET /static/graphic/cuckoo_inverse%402x.png HTTP/1.1" 200 13085
[10/Aug/2023 14:22:36] "GET /static/fonts/Roboto_italic_400_default.woff HTTP/1.1" 200 14716
[10/Aug/2023 14:22:36] "GET /static/fonts/Roboto_normal_700_default.woff HTTP/1.1" 200 13348
[10/Aug/2023 14:22:36] "GET /static/fonts/Roboto_normal_400_default.woff HTTP/1.1" 200 13308
[10/Aug/2023 14:22:36] "GET /static/fonts/fa-light-300.woff2 HTTP/1.1" 200 117936
[10/Aug/2023 14:22:37] "GET /static/js/vendor.js HTTP/1.1" 200 2012813
[10/Aug/2023 14:22:37] "GET /static/favicon-32x32.png HTTP/1.1" 200 1153
[10/Aug/2023 14:22:37] "GET /static/images/prev.png HTTP/1.1" 200 1360
[10/Aug/2023 14:22:37] "GET /static/images/close.png HTTP/1.1" 200 280
[10/Aug/2023 14:22:37] "GET /static/images/next.png HTTP/1.1" 200 1350
[10/Aug/2023 14:22:37] "GET /static/images/loading.gif HTTP/1.1" 200 8476
[10/Aug/2023 14:22:46] "GET /secret/ HTTP/1.1" 200 3193
[10/Aug/2023 14:22:47] "GET /static/js/cuckoo/secret.js HTTP/1.1" 200 2493
[10/Aug/2023 14:22:47] "GET /static/css/vendor.css HTTP/1.1" 200 151837
[10/Aug/2023 14:22:47] "GET /static/css/main.css HTTP/1.1" 200 673106
[10/Aug/2023 14:22:47] "GET /static/graphic/cuckoo_inverse%402x.png HTTP/1.1" 200 13085
[10/Aug/2023 14:22:47] "GET /static/js/vendor.js HTTP/1.1" 200 2012813
[10/Aug/2023 14:22:47] "GET /static/fonts/Roboto_normal_400_default.woff HTTP/1.1" 200 13308
[10/Aug/2023 14:22:47] "GET /static/fonts/Roboto_italic_400_default.woff HTTP/1.1" 200 14716
[10/Aug/2023 14:22:47] "GET /static/fonts/Roboto_normal_700_default.woff HTTP/1.1" 200 13348
[10/Aug/2023 14:22:47] "GET /static/fonts/fa-light-300.woff2 HTTP/1.1" 200 117936
[10/Aug/2023 14:22:47] "GET /static/images/close.png HTTP/1.1" 200 280
[10/Aug/2023 14:22:47] "GET /static/images/next.png HTTP/1.1" 200 1350
[10/Aug/2023 14:22:47] "GET /static/images/prev.png HTTP/1.1" 200 1360
[10/Aug/2023 14:22:47] "GET /static/images/loading.gif HTTP/1.1" 200 8476
[10/Aug/2023 14:23:59] "GET /secret/ HTTP/1.1" 200 3193
[10/Aug/2023 14:23:59] "GET /static/fonts/Roboto_italic_400_default.woff HTTP/1.1" 200 14716
[10/Aug/2023 14:26:13] "GET /secret/ HTTP/1.1" 200 3193
[10/Aug/2023 14:26:14] "GET /static/css/vendor.css HTTP/1.1" 200 151837
[10/Aug/2023 14:26:14] "GET /static/js/cuckoo/secret.js HTTP/1.1" 200 2493
[10/Aug/2023 14:26:14] "GET /static/css/main.css HTTP/1.1" 200 673106
[10/Aug/2023 14:26:15] "GET /static/js/vendor.js HTTP/1.1" 200 2012813
[10/Aug/2023 14:26:15] "GET /static/graphic/cuckoo_inverse%402x.png HTTP/1.1" 200 13085
[10/Aug/2023 14:26:15] "GET /static/images/next.png HTTP/1.1" 200 1350
[10/Aug/2023 14:26:15] "GET /static/images/loading.gif HTTP/1.1" 200 8476
[10/Aug/2023 14:26:15] "GET /static/images/close.png HTTP/1.1" 200 280
[10/Aug/2023 14:26:15] "GET /static/images/prev.png HTTP/1.1" 200 1360
[10/Aug/2023 14:26:16] "GET /static/favicon-32x32.png HTTP/1.1" 200 1153
[10/Aug/2023 15:18:31] "GET / HTTP/1.1" 302 0
[10/Aug/2023 15:18:31] "GET /secret/ HTTP/1.1" 200 3193
[10/Aug/2023 15:20:40] "GET / HTTP/1.1" 302 0
[10/Aug/2023 15:20:41] "GET /secret/ HTTP/1.1" 200 3193
[10/Aug/2023 15:20:46] "GET / HTTP/1.1" 302 0
[10/Aug/2023 15:20:46] "GET /secret/ HTTP/1.1" 200 3193
[10/Aug/2023 15:20:47] "GET /static/js/cuckoo/secret.js HTTP/1.1" 200 2493
[10/Aug/2023 15:20:47] "GET /static/graphic/cuckoo_inverse%402x.png HTTP/1.1" 200 13085
[10/Aug/2023 15:20:47] "GET /static/css/vendor.css HTTP/1.1" 200 151837
[10/Aug/2023 15:20:47] "GET /static/css/main.css HTTP/1.1" 200 673106
[10/Aug/2023 15:20:48] "GET /static/js/vendor.js HTTP/1.1" 200 2012813
[10/Aug/2023 15:20:48] "GET /static/fonts/Roboto_normal_400_default.woff HTTP/1.1" 200 13308
[10/Aug/2023 15:20:48] "GET /static/fonts/Roboto_italic_400_default.woff HTTP/1.1" 200 14716
[10/Aug/2023 15:20:48] "GET /static/fonts/Roboto_normal_700_default.woff HTTP/1.1" 200 13348
[10/Aug/2023 15:20:48] "GET /static/fonts/fa-light-300.woff2 HTTP/1.1" 200 117936
[10/Aug/2023 15:20:49] "GET /static/images/next.png HTTP/1.1" 200 1350
[10/Aug/2023 15:20:49] "GET /static/images/close.png HTTP/1.1" 200 280
[10/Aug/2023 15:20:49] "GET /static/images/prev.png HTTP/1.1" 200 1360
[10/Aug/2023 15:20:49] "GET /static/images/loading.gif HTTP/1.1" 200 8476
[10/Aug/2023 15:20:49] "GET /static/favicon-32x32.png HTTP/1.1" 200 1153
[10/Aug/2023 16:48:41] "GET / HTTP/1.1" 302 0
[10/Aug/2023 16:48:41] "GET /secret/ HTTP/1.1" 200 3193
[10/Aug/2023 16:48:41] "GET /static/css/vendor.css HTTP/1.1" 200 151837
[10/Aug/2023 16:48:42] "GET /static/css/main.css HTTP/1.1" 200 673106
[11/Aug/2023 12:27:34] "GET /secret/ HTTP/1.1" 200 3193
[11/Aug/2023 12:27:35] "GET /static/fonts/Roboto_italic_400_default.woff HTTP/1.1" 200 14716
[11/Aug/2023 12:27:35] "GET /static/css/vendor.css HTTP/1.1" 200 151837
[11/Aug/2023 12:27:35] "GET /static/fonts/Roboto_normal_400_default.woff HTTP/1.1" 200 13308
[11/Aug/2023 12:27:35] "GET /static/fonts/fa-light-300.woff2 HTTP/1.1" 200 117936
[11/Aug/2023 12:27:35] "GET /static/fonts/Roboto_normal_700_default.woff HTTP/1.1" 200 13348
[11/Aug/2023 12:27:35] "GET /static/css/main.css HTTP/1.1" 200 673106
[11/Aug/2023 21:14:13] "GET / HTTP/1.1" 302 0
[11/Aug/2023 21:14:13] "GET /secret/ HTTP/1.1" 200 3193
[11/Aug/2023 21:14:13] "GET /static/js/cuckoo/secret.js HTTP/1.1" 304 0
[11/Aug/2023 21:14:13] "GET /static/js/vendor.js HTTP/1.1" 304 0
[11/Aug/2023 21:14:13] "GET /static/css/main.css HTTP/1.1" 304 0
[11/Aug/2023 21:14:13] "GET /static/css/vendor.css HTTP/1.1" 200 151837
[11/Aug/2023 21:14:13] "GET /static/graphic/cuckoo_inverse%402x.png HTTP/1.1" 200 13085
[11/Aug/2023 21:14:13] "GET /static/fonts/Roboto_normal_400_default.woff HTTP/1.1" 200 13308
[11/Aug/2023 21:14:13] "GET /static/fonts/Roboto_normal_700_default.woff HTTP/1.1" 200 13348
[11/Aug/2023 21:14:13] "GET /static/images/prev.png HTTP/1.1" 200 1360
[11/Aug/2023 21:14:13] "GET /static/fonts/Roboto_italic_400_default.woff HTTP/1.1" 200 14716
[11/Aug/2023 21:14:13] "GET /static/images/loading.gif HTTP/1.1" 200 8476
[11/Aug/2023 21:14:13] "GET /static/images/next.png HTTP/1.1" 200 1350
[11/Aug/2023 21:14:13] "GET /static/images/close.png HTTP/1.1" 200 280
[11/Aug/2023 21:14:13] "GET /static/fonts/fa-light-300.woff2 HTTP/1.1" 200 117936
[11/Aug/2023 21:18:34] "GET /secret/ HTTP/1.1" 200 3193
[11/Aug/2023 21:18:34] "GET /static/js/cuckoo/secret.js HTTP/1.1" 200 2493
[11/Aug/2023 21:18:34] "GET /static/css/vendor.css HTTP/1.1" 200 151837
[11/Aug/2023 21:18:34] "GET /static/graphic/cuckoo_inverse%402x.png HTTP/1.1" 200 13085
[11/Aug/2023 21:18:35] "GET /static/css/main.css HTTP/1.1" 200 673106
[11/Aug/2023 21:18:35] "GET /static/js/vendor.js HTTP/1.1" 200 2012813
[11/Aug/2023 21:18:36] "GET /static/images/next.png HTTP/1.1" 200 1350
[11/Aug/2023 21:18:36] "GET /static/images/close.png HTTP/1.1" 200 280
[11/Aug/2023 21:18:36] "GET /static/images/prev.png HTTP/1.1" 200 1360
[11/Aug/2023 21:18:36] "GET /static/favicon-32x32.png HTTP/1.1" 200 1153
[11/Aug/2023 21:18:36] "GET /static/images/loading.gif HTTP/1.1" 200 8476
[11/Aug/2023 21:23:00] "GET / HTTP/1.1" 302 0
[11/Aug/2023 21:23:00] "GET /secret/ HTTP/1.1" 200 3193
[11/Aug/2023 21:23:01] "GET /static/js/cuckoo/secret.js HTTP/1.1" 200 2493
[11/Aug/2023 21:23:01] "GET /static/graphic/cuckoo_inverse%402x.png HTTP/1.1" 200 13085
[11/Aug/2023 21:23:01] "GET /static/css/vendor.css HTTP/1.1" 200 151837
[11/Aug/2023 21:23:01] "GET /static/fonts/Roboto_normal_400_default.woff HTTP/1.1" 200 13308
[11/Aug/2023 21:23:01] "GET /static/fonts/Roboto_normal_700_default.woff HTTP/1.1" 200 13348
[11/Aug/2023 21:23:01] "GET /static/fonts/fa-light-300.woff2 HTTP/1.1" 200 117936
[11/Aug/2023 21:23:01] "GET /static/fonts/Roboto_italic_400_default.woff HTTP/1.1" 200 14716
[11/Aug/2023 21:23:01] "GET /static/css/main.css HTTP/1.1" 200 673106
[11/Aug/2023 21:49:29] "GET /static/fonts/Roboto_normal_500_default.woff HTTP/1.1" 200 13248
[14/Aug/2023 11:47:07] "GET /favicon.ico HTTP/1.1" 302 0
[14/Aug/2023 11:47:07] "GET /favicon.ico HTTP/1.1" 302 0
[14/Aug/2023 11:47:09] "GET /secret/ HTTP/1.1" 200 3193
[14/Aug/2023 11:47:10] "GET /static/graphic/cuckoo_inverse%402x.png HTTP/1.1" 200 13085
[14/Aug/2023 11:47:10] "GET /static/js/cuckoo/secret.js HTTP/1.1" 200 2493
[14/Aug/2023 11:47:10] "GET /static/css/vendor.css HTTP/1.1" 200 151837
[14/Aug/2023 11:47:10] "GET /static/fonts/Roboto_normal_400_default.woff HTTP/1.1" 200 13308
[14/Aug/2023 11:47:10] "GET /static/images/next.png HTTP/1.1" 200 1350
[14/Aug/2023 11:47:10] "GET /static/fonts/Roboto_normal_700_default.woff HTTP/1.1" 200 13348
[14/Aug/2023 11:47:10] "GET /static/fonts/Roboto_italic_400_default.woff HTTP/1.1" 200 14716
[14/Aug/2023 11:47:10] "GET /static/images/loading.gif HTTP/1.1" 200 8476
[14/Aug/2023 11:47:10] "GET /static/images/close.png HTTP/1.1" 200 280
[14/Aug/2023 11:47:10] "GET /static/images/prev.png HTTP/1.1" 200 1360
[14/Aug/2023 11:47:10] "GET /static/fonts/fa-light-300.woff2 HTTP/1.1" 200 117936
[14/Aug/2023 11:47:10] "GET /static/css/main.css HTTP/1.1" 200 673106
[14/Aug/2023 11:47:10] "GET /static/js/vendor.js HTTP/1.1" 200 2012813
